14:49:55 **** Incremental Build of configuration Debug for project Q6 ****
make all 
Building file: ../q6.cpp
Invoking: GCC C++ Compiler
g++ -O0 -g3 -Wall -c -fmessage-length=0 -MMD -MP -MF"q6.d" -MT"q6.o" -o "q6.o" "../q6.cpp"
Finished building: ../q6.cpp
 
Building target: Q6
Invoking: GCC C++ Linker
g++  -o "Q6"  ./q6.o   
Finished building target: Q6
 
14:49:57 **** Incremental Build of configuration Debug for project Q6 ****
make all 
make: Nothing to be done for 'all'.
14:50:13 **** Incremental Build of configuration Debug for project Q6 ****
make all 
make: Nothing to be done for 'all'.
14:50:15 **** Incremental Build of configuration Debug for project Q6 ****
make all 
make: Nothing to be done for 'all'.
14:50:16 **** Incremental Build of configuration Debug for project Q6 ****
make all 
make: Nothing to be done for 'all'.
14:50:16 **** Incremental Build of configuration Debug for project Q6 ****
make all 
make: Nothing to be done for 'all'.
14:50:17 **** Incremental Build of configuration Debug for project Q6 ****
make all 
make: Nothing to be done for 'all'.
